<?xml version="1.0" encoding="UTF-8"?>
<!-- Generated by org.testng.reporters.JUnitReportReporter -->
<testsuite hostname="NAVEEN-LAPTOP" failures="0" tests="1" name="com.qa.test.WritePostTest" time="108.751" errors="0" timestamp="2021-01-29T13:45:08 IST" skipped="0">
  <testcase classname="com.qa.test.WritePostTest" name="writePost" time="108.751"/>
  <system-out/>
</testsuite> <!-- com.qa.test.WritePostTest -->
